# JRE version: Java(TM) SE Runtime Environment (17.0.12+8) (build 17.0.12+8-LTS-286)
# Java VM: Java HotSpot(TM) 64-Bit Server VM (17.0.12+8-LTS-286, mixed mode, sharing, tiered, compressed oops, compressed class ptrs, g1 gc, windows-amd64)
GC Precious Log:
 CPUs: 4 total, 4 available
 Memory: 12171M
 Large Page Support: Disabled
 NUMA Support: Disabled
 Compressed Oops: Enabled (Zero based)
 Heap Region Size: 2M
 Heap Min Capacity: 8M
 Heap Initial Capacity: 192M
 Heap Max Capacity: 3044M
 Pre-touch: Disabled
 Parallel Workers: 4
 Concurrent Workers: 1
 Concurrent Refinement Workers: 4
 Periodic GC: Disabled
Heap:
 garbage-first heap   total 94208K, used 67800K [0x0000000741c00000, 0x0000000800000000)
  region size 2048K, 23 young (47104K), 3 survivors (6144K)
 Metaspace       used 68333K, committed 68928K, reserved 1114112K
  class space    used 9395K, committed 9664K, reserved 1048576K
GC Heap History (20 events):
Event: 6.911 GC heap before
{Heap before GC invocations=5 (full 0):
 garbage-first heap   total 61440K, used 42621K [0x0000000741c00000, 0x0000000800000000)
  region size 2048K, 18 young (36864K), 4 survivors (8192K)
 Metaspace       used 25017K, committed 25344K, reserved 1114112K
  class space    used 3263K, committed 3392K, reserved 1048576K
}
Event: 6.939 GC heap after
{Heap after GC invocations=6 (full 0):
 garbage-first heap   total 61440K, used 15932K [0x0000000741c00000, 0x0000000800000000)
  region size 2048K, 2 young (4096K), 2 survivors (4096K)
 Metaspace       used 25017K, committed 25344K, reserved 1114112K
  class space    used 3263K, committed 3392K, reserved 1048576K
}
Event: 7.120 GC heap before
{Heap before GC invocations=6 (full 0):
 garbage-first heap   total 61440K, used 17980K [0x0000000741c00000, 0x0000000800000000)
  region size 2048K, 3 young (6144K), 2 survivors (4096K)
 Metaspace       used 25371K, committed 25728K, reserved 1114112K
  class space    used 3326K, committed 3456K, reserved 1048576K
}
Event: 7.133 GC heap after
{Heap after GC invocations=7 (full 0):
 garbage-first heap   total 61440K, used 16366K [0x0000000741c00000, 0x0000000800000000)
  region size 2048K, 1 young (2048K), 1 survivors (2048K)
 Metaspace       used 25371K, committed 25728K, reserved 1114112K
  class space    used 3326K, committed 3456K, reserved 1048576K
}
Event: 9.866 GC heap before
{Heap before GC invocations=7 (full 0):
 garbage-first heap   total 61440K, used 38894K [0x0000000741c00000, 0x0000000800000000)
  region size 2048K, 12 young (24576K), 1 survivors (2048K)
 Metaspace       used 30522K, committed 30976K, reserved 1114112K
  class space    used 3996K, committed 4224K, reserved 1048576K
}
Event: 9.877 GC heap after
{Heap after GC invocations=8 (full 0):
 garbage-first heap   total 61440K, used 18259K [0x0000000741c00000, 0x0000000800000000)
  region size 2048K, 2 young (4096K), 2 survivors (4096K)
 Metaspace       used 30522K, committed 30976K, reserved 1114112K
  class space    used 3996K, committed 4224K, reserved 1048576K
}
Event: 11.197 GC heap before
{Heap before GC invocations=8 (full 0):
 garbage-first heap   total 61440K, used 36691K [0x0000000741c00000, 0x0000000800000000)
  region size 2048K, 12 young (24576K), 2 survivors (4096K)
 Metaspace       used 35539K, committed 35968K, reserved 1114112K
  class space    used 4726K, committed 4928K, reserved 1048576K
}
Event: 11.208 GC heap after
{Heap after GC invocations=9 (full 0):
 garbage-first heap   total 61440K, used 19643K [0x0000000741c00000, 0x0000000800000000)
  region size 2048K, 1 young (2048K), 1 survivors (2048K)
 Metaspace       used 35539K, committed 35968K, reserved 1114112K
  class space    used 4726K, committed 4928K, reserved 1048576K
}
Event: 12.880 GC heap before
{Heap before GC invocations=10 (full 0):
 garbage-first heap   total 61440K, used 44219K [0x0000000741c00000, 0x0000000800000000)
  region size 2048K, 13 young (26624K), 1 survivors (2048K)
 Metaspace       used 41918K, committed 42368K, reserved 1114112K
  class space    used 5687K, committed 5952K, reserved 1048576K
}
Event: 12.895 GC heap after
{Heap after GC invocations=11 (full 0):
 garbage-first heap   total 61440K, used 21184K [0x0000000741c00000, 0x0000000800000000)
  region size 2048K, 2 young (4096K), 2 survivors (4096K)
 Metaspace       used 41918K, committed 42368K, reserved 1114112K
  class space    used 5687K, committed 5952K, reserved 1048576K
}
Event: 13.034 GC heap before
{Heap before GC invocations=11 (full 0):
 garbage-first heap   total 61440K, used 21184K [0x0000000741c00000, 0x0000000800000000)
  region size 2048K, 3 young (6144K), 2 survivors (4096K)
 Metaspace       used 42278K, committed 42688K, reserved 1114112K
  class space    used 5735K, committed 5952K, reserved 1048576K
}
Event: 13.051 GC heap after
{Heap after GC invocations=12 (full 0):
 garbage-first heap   total 61440K, used 20972K [0x0000000741c00000, 0x0000000800000000)
  region size 2048K, 1 young (2048K), 1 survivors (2048K)
 Metaspace       used 42278K, committed 42688K, reserved 1114112K
  class space    used 5735K, committed 5952K, reserved 1048576K
}
Event: 14.303 GC heap before
{Heap before GC invocations=12 (full 0):
 garbage-first heap   total 61440K, used 43500K [0x0000000741c00000, 0x0000000800000000)
  region size 2048K, 12 young (24576K), 1 survivors (2048K)
 Metaspace       used 47759K, committed 48256K, reserved 1114112K
  class space    used 6429K, committed 6656K, reserved 1048576K
}
Event: 14.312 GC heap after
{Heap after GC invocations=13 (full 0):
 garbage-first heap   total 94208K, used 22101K [0x0000000741c00000, 0x0000000800000000)
  region size 2048K, 1 young (2048K), 1 survivors (2048K)
 Metaspace       used 47759K, committed 48256K, reserved 1114112K
  class space    used 6429K, committed 6656K, reserved 1048576K
}
Event: 17.894 GC heap before
{Heap before GC invocations=13 (full 0):
 garbage-first heap   total 94208K, used 67157K [0x0000000741c00000, 0x0000000800000000)
  region size 2048K, 23 young (47104K), 1 survivors (2048K)
 Metaspace       used 58918K, committed 59456K, reserved 1114112K
  class space    used 8149K, committed 8384K, reserved 1048576K
}
Event: 17.905 GC heap after
{Heap after GC invocations=14 (full 0):
 garbage-first heap   total 94208K, used 24598K [0x0000000741c00000, 0x0000000800000000)
  region size 2048K, 2 young (4096K), 2 survivors (4096K)
 Metaspace       used 58918K, committed 59456K, reserved 1114112K
  class space    used 8149K, committed 8384K, reserved 1048576K
}
Event: 18.633 GC heap before
{Heap before GC invocations=14 (full 0):
 garbage-first heap   total 94208K, used 32790K [0x0000000741c00000, 0x0000000800000000)
  region size 2048K, 7 young (14336K), 2 survivors (4096K)
 Metaspace       used 60017K, committed 60480K, reserved 1114112K
  class space    used 8288K, committed 8512K, reserved 1048576K
}
Event: 18.647 GC heap after
{Heap after GC invocations=15 (full 0):
 garbage-first heap   total 94208K, used 25847K [0x0000000741c00000, 0x0000000800000000)
  region size 2048K, 2 young (4096K), 2 survivors (4096K)
 Metaspace       used 60017K, committed 60480K, reserved 1114112K
  class space    used 8288K, committed 8512K, reserved 1048576K
}
Event: 3015.701 GC heap before
{Heap before GC invocations=16 (full 0):
 garbage-first heap   total 94208K, used 70903K [0x0000000741c00000, 0x0000000800000000)
  region size 2048K, 24 young (49152K), 2 survivors (4096K)
 Metaspace       used 67932K, committed 68544K, reserved 1114112K
  class space    used 9370K, committed 9664K, reserved 1048576K
}
Event: 3015.749 GC heap after
{Heap after GC invocations=17 (full 0):
 garbage-first heap   total 94208K, used 28888K [0x0000000741c00000, 0x0000000800000000)
  region size 2048K, 3 young (6144K), 3 survivors (6144K)
 Metaspace       used 67932K, committed 68544K, reserved 1114112K
  class space    used 9370K, committed 9664K, reserved 1048576K
}

